<?xml version="1.0" encoding="UTF-8"?>
<testsuite xmlns:xsi="http://www.w3.org/2001/XMLSchema-instance" xsi:noNamespaceSchemaLocation="https://maven.apache.org/surefire/maven-surefire-plugin/xsd/surefire-test-report.xsd" name="RunCucumberTest" time="2.638" tests="1" errors="1" skipped="0" failures="0">
  <properties>
[...]
</properties>
  <testcase name="Login with invalid email and password" classname="cl.kibernumacademy.basepage.RunCucumberTest" time="2.421">
    <error message="The step &apos;I should see email validation error&apos; and 1 other step(s) are undefined.&#10;You can implement these steps using the snippet(s) below:&#10;&#10;@Then(&quot;I should see email validation error&quot;)&#10;public void i_should_see_email_validation_error() {&#10;    // Write code here that turns the phrase above into concrete actions&#10;    throw new io.cucumber.java.PendingException();&#10;}&#10;@Then(&quot;I should see password validation error&quot;)&#10;public void i_should_see_password_validation_error() {&#10;    // Write code here that turns the phrase above into concrete actions&#10;    throw new io.cucumber.java.PendingException();&#10;}&#10;" type="io.cucumber.junit.platform.engine.UndefinedStepException">io.cucumber.junit.platform.engine.UndefinedStepException: 
The step 'I should see email validation error' and 1 other step(s) are undefined.
You can implement these steps using the snippet(s) below:

@Then("I should see email validation error")
public void i_should_see_email_validation_error() {
    // Write code here that turns the phrase above into concrete actions
    throw new io.cucumber.java.PendingException();
}
@Then("I should see password validation error")
public void i_should_see_password_validation_error() {
    // Write code here that turns the phrase above into concrete actions
    throw new io.cucumber.java.PendingException();
}

</error>
    <system-out><![CDATA[
Scenario: Login with invalid email and password            &amp#27;[90m# features/Login.feature:6&amp#27;[0m
https://testing-qa.netlify.app/pages/login
  &amp#27;[32mGiven &amp#27;[0m&amp#27;[32mI am on the login page&amp#27;[0m                             &amp#27;[90m# cl.kibernumacademy.basepage.steps.LoginSteps.i_am_on_the_login_page()&amp#27;[0m
  &amp#27;[32mWhen &amp#27;[0m&amp#27;[32mI enter email &amp#27;[0m&amp#27;[32m&amp#27;[1m"usuario@invalido"&amp#27;[0m&amp#27;[32m and password &amp#27;[0m&amp#27;[32m&amp#27;[1m"123"&amp#27;[0m &amp#27;[90m# cl.kibernumacademy.basepage.steps.LoginSteps.i_enter_email_and_password(java.lang.String,java.lang.String)&amp#27;[0m
  &amp#27;[32mAnd &amp#27;[0m&amp#27;[32mI submit the login form&amp#27;[0m                              &amp#27;[90m# cl.kibernumacademy.basepage.steps.LoginSteps.i_submit_the_login_form()&amp#27;[0m
  &amp#27;[33mThen &amp#27;[0m&amp#27;[33mI should see email validation error&amp#27;[0m
  &amp#27;[36mAnd &amp#27;[0m&amp#27;[36mI should see password validation error&amp#27;[0m
]]></system-out>
    <system-err><![CDATA[SLF4J(W): No SLF4J providers were found.
SLF4J(W): Defaulting to no-operation (NOP) logger implementation
SLF4J(W): See https://www.slf4j.org/codes.html#noProviders for further details.
jul 31, 2025 7:46:46 P. M. org.openqa.selenium.devtools.CdpVersionFinder findNearestMatch
ADVERTENCIA: Unable to find CDP implementation matching 137
jul 31, 2025 7:46:46 P. M. org.openqa.selenium.chromium.ChromiumDriver lambda$new$5
ADVERTENCIA: Unable to find version of CDP to use for 137.0.7151.120. You may need to include a dependency on a specific version of the CDP using something similar to `org.seleniumhq.selenium:selenium-devtools-v86:4.21.0` where the version ("v86") matches the version of the chromium-based browser you're using and the version number of the artifact is the same as Selenium's.
]]></system-err>
  </testcase>
</testsuite>